This is pdfTeX, Version 3.1415926-2.5-1.40.14 (TeX Live 2013/Debian) (format=pdflatex 2016.2.12)  7 AUG 2016 16:25
entering extended mode
 restricted \write18 enabled.
 %&-line parsing enabled.
**Project.tex
(./Project.tex
LaTeX2e <2011/06/27>
Babel <3.9h> and hyphenation patterns for 4 languages loaded.
(/usr/share/texlive/texmf-dist/tex/latex/base/report.cls
Document Class: report 2007/10/19 v1.4h Standard LaTeX document class
(/usr/share/texlive/texmf-dist/tex/latex/base/size10.clo
File: size10.clo 2007/10/19 v1.4h Standard LaTeX file (size option)
)
\c@part=\count79
\c@chapter=\count80
\c@section=\count81
\c@subsection=\count82
\c@subsubsection=\count83
\c@paragraph=\count84
\c@subparagraph=\count85
\c@figure=\count86
\c@table=\count87
\abovecaptionskip=\skip41
\belowcaptionskip=\skip42
\bibindent=\dimen102
)
(/usr/share/texlive/texmf-dist/tex/latex/base/inputenc.sty
Package: inputenc 2008/03/30 v1.1d Input encoding file
\inpenc@prehook=\toks14
\inpenc@posthook=\toks15

(/usr/share/texlive/texmf-dist/tex/latex/base/utf8.def
File: utf8.def 2008/04/05 v1.1m UTF-8 support for inputenc
Now handling font encoding OML ...
... no UTF-8 mapping file for font encoding OML
Now handling font encoding T1 ...
... processing UTF-8 mapping file for font encoding T1

(/usr/share/texlive/texmf-dist/tex/latex/base/t1enc.dfu
File: t1enc.dfu 2008/04/05 v1.1m UTF-8 support for inputenc
   defining Unicode char U+00A1 (decimal 161)
   defining Unicode char U+00A3 (decimal 163)
   defining Unicode char U+00AB (decimal 171)
   defining Unicode char U+00BB (decimal 187)
   defining Unicode char U+00BF (decimal 191)
   defining Unicode char U+00C0 (decimal 192)
   defining Unicode char U+00C1 (decimal 193)
   defining Unicode char U+00C2 (decimal 194)
   defining Unicode char U+00C3 (decimal 195)
   defining Unicode char U+00C4 (decimal 196)
   defining Unicode char U+00C5 (decimal 197)
   defining Unicode char U+00C6 (decimal 198)
   defining Unicode char U+00C7 (decimal 199)
   defining Unicode char U+00C8 (decimal 200)
   defining Unicode char U+00C9 (decimal 201)
   defining Unicode char U+00CA (decimal 202)
   defining Unicode char U+00CB (decimal 203)
   defining Unicode char U+00CC (decimal 204)
   defining Unicode char U+00CD (decimal 205)
   defining Unicode char U+00CE (decimal 206)
   defining Unicode char U+00CF (decimal 207)
   defining Unicode char U+00D0 (decimal 208)
   defining Unicode char U+00D1 (decimal 209)
   defining Unicode char U+00D2 (decimal 210)
   defining Unicode char U+00D3 (decimal 211)
   defining Unicode char U+00D4 (decimal 212)
   defining Unicode char U+00D5 (decimal 213)
   defining Unicode char U+00D6 (decimal 214)
   defining Unicode char U+00D8 (decimal 216)
   defining Unicode char U+00D9 (decimal 217)
   defining Unicode char U+00DA (decimal 218)
   defining Unicode char U+00DB (decimal 219)
   defining Unicode char U+00DC (decimal 220)
   defining Unicode char U+00DD (decimal 221)
   defining Unicode char U+00DE (decimal 222)
   defining Unicode char U+00DF (decimal 223)
   defining Unicode char U+00E0 (decimal 224)
   defining Unicode char U+00E1 (decimal 225)
   defining Unicode char U+00E2 (decimal 226)
   defining Unicode char U+00E3 (decimal 227)
   defining Unicode char U+00E4 (decimal 228)
   defining Unicode char U+00E5 (decimal 229)
   defining Unicode char U+00E6 (decimal 230)
   defining Unicode char U+00E7 (decimal 231)
   defining Unicode char U+00E8 (decimal 232)
   defining Unicode char U+00E9 (decimal 233)
   defining Unicode char U+00EA (decimal 234)
   defining Unicode char U+00EB (decimal 235)
   defining Unicode char U+00EC (decimal 236)
   defining Unicode char U+00ED (decimal 237)
   defining Unicode char U+00EE (decimal 238)
   defining Unicode char U+00EF (decimal 239)
   defining Unicode char U+00F0 (decimal 240)
   defining Unicode char U+00F1 (decimal 241)
   defining Unicode char U+00F2 (decimal 242)
   defining Unicode char U+00F3 (decimal 243)
   defining Unicode char U+00F4 (decimal 244)
   defining Unicode char U+00F5 (decimal 245)
   defining Unicode char U+00F6 (decimal 246)
   defining Unicode char U+00F8 (decimal 248)
   defining Unicode char U+00F9 (decimal 249)
   defining Unicode char U+00FA (decimal 250)
   defining Unicode char U+00FB (decimal 251)
   defining Unicode char U+00FC (decimal 252)
   defining Unicode char U+00FD (decimal 253)
   defining Unicode char U+00FE (decimal 254)
   defining Unicode char U+00FF (decimal 255)
   defining Unicode char U+0102 (decimal 258)
   defining Unicode char U+0103 (decimal 259)
   defining Unicode char U+0104 (decimal 260)
   defining Unicode char U+0105 (decimal 261)
   defining Unicode char U+0106 (decimal 262)
   defining Unicode char U+0107 (decimal 263)
   defining Unicode char U+010C (decimal 268)
   defining Unicode char U+010D (decimal 269)
   defining Unicode char U+010E (decimal 270)
   defining Unicode char U+010F (decimal 271)
   defining Unicode char U+0110 (decimal 272)
   defining Unicode char U+0111 (decimal 273)
   defining Unicode char U+0118 (decimal 280)
   defining Unicode char U+0119 (decimal 281)
   defining Unicode char U+011A (decimal 282)
   defining Unicode char U+011B (decimal 283)
   defining Unicode char U+011E (decimal 286)
   defining Unicode char U+011F (decimal 287)
   defining Unicode char U+0130 (decimal 304)
   defining Unicode char U+0131 (decimal 305)
   defining Unicode char U+0132 (decimal 306)
   defining Unicode char U+0133 (decimal 307)
   defining Unicode char U+0139 (decimal 313)
   defining Unicode char U+013A (decimal 314)
   defining Unicode char U+013D (decimal 317)
   defining Unicode char U+013E (decimal 318)
   defining Unicode char U+0141 (decimal 321)
   defining Unicode char U+0142 (decimal 322)
   defining Unicode char U+0143 (decimal 323)
   defining Unicode char U+0144 (decimal 324)
   defining Unicode char U+0147 (decimal 327)
   defining Unicode char U+0148 (decimal 328)
   defining Unicode char U+014A (decimal 330)
   defining Unicode char U+014B (decimal 331)
   defining Unicode char U+0150 (decimal 336)
   defining Unicode char U+0151 (decimal 337)
   defining Unicode char U+0152 (decimal 338)
   defining Unicode char U+0153 (decimal 339)
   defining Unicode char U+0154 (decimal 340)
   defining Unicode char U+0155 (decimal 341)
   defining Unicode char U+0158 (decimal 344)
   defining Unicode char U+0159 (decimal 345)
   defining Unicode char U+015A (decimal 346)
   defining Unicode char U+015B (decimal 347)
   defining Unicode char U+015E (decimal 350)
   defining Unicode char U+015F (decimal 351)
   defining Unicode char U+0160 (decimal 352)
   defining Unicode char U+0161 (decimal 353)
   defining Unicode char U+0162 (decimal 354)
   defining Unicode char U+0163 (decimal 355)
   defining Unicode char U+0164 (decimal 356)
   defining Unicode char U+0165 (decimal 357)
   defining Unicode char U+016E (decimal 366)
   defining Unicode char U+016F (decimal 367)
   defining Unicode char U+0170 (decimal 368)
   defining Unicode char U+0171 (decimal 369)
   defining Unicode char U+0178 (decimal 376)
   defining Unicode char U+0179 (decimal 377)
   defining Unicode char U+017A (decimal 378)
   defining Unicode char U+017B (decimal 379)
   defining Unicode char U+017C (decimal 380)
   defining Unicode char U+017D (decimal 381)
   defining Unicode char U+017E (decimal 382)
   defining Unicode char U+200C (decimal 8204)
   defining Unicode char U+2013 (decimal 8211)
   defining Unicode char U+2014 (decimal 8212)
   defining Unicode char U+2018 (decimal 8216)
   defining Unicode char U+2019 (decimal 8217)
   defining Unicode char U+201A (decimal 8218)
   defining Unicode char U+201C (decimal 8220)
   defining Unicode char U+201D (decimal 8221)
   defining Unicode char U+201E (decimal 8222)
   defining Unicode char U+2030 (decimal 8240)
   defining Unicode char U+2031 (decimal 8241)
   defining Unicode char U+2039 (decimal 8249)
   defining Unicode char U+203A (decimal 8250)
   defining Unicode char U+2423 (decimal 9251)
)
Now handling font encoding OT1 ...
... processing UTF-8 mapping file for font encoding OT1

(/usr/share/texlive/texmf-dist/tex/latex/base/ot1enc.dfu
File: ot1enc.dfu 2008/04/05 v1.1m UTF-8 support for inputenc
   defining Unicode char U+00A1 (decimal 161)
   defining Unicode char U+00A3 (decimal 163)
   defining Unicode char U+00B8 (decimal 184)
   defining Unicode char U+00BF (decimal 191)
   defining Unicode char U+00C5 (decimal 197)
   defining Unicode char U+00C6 (decimal 198)
   defining Unicode char U+00D8 (decimal 216)
   defining Unicode char U+00DF (decimal 223)
   defining Unicode char U+00E6 (decimal 230)
   defining Unicode char U+00EC (decimal 236)
   defining Unicode char U+00ED (decimal 237)
   defining Unicode char U+00EE (decimal 238)
   defining Unicode char U+00EF (decimal 239)
   defining Unicode char U+00F8 (decimal 248)
   defining Unicode char U+0131 (decimal 305)
   defining Unicode char U+0141 (decimal 321)
   defining Unicode char U+0142 (decimal 322)
   defining Unicode char U+0152 (decimal 338)
   defining Unicode char U+0153 (decimal 339)
   defining Unicode char U+2013 (decimal 8211)
   defining Unicode char U+2014 (decimal 8212)
   defining Unicode char U+2018 (decimal 8216)
   defining Unicode char U+2019 (decimal 8217)
   defining Unicode char U+201C (decimal 8220)
   defining Unicode char U+201D (decimal 8221)
)
Now handling font encoding OMS ...
... processing UTF-8 mapping file for font encoding OMS

(/usr/share/texlive/texmf-dist/tex/latex/base/omsenc.dfu
File: omsenc.dfu 2008/04/05 v1.1m UTF-8 support for inputenc
   defining Unicode char U+00A7 (decimal 167)
   defining Unicode char U+00B6 (decimal 182)
   defining Unicode char U+00B7 (decimal 183)
   defining Unicode char U+2020 (decimal 8224)
   defining Unicode char U+2021 (decimal 8225)
   defining Unicode char U+2022 (decimal 8226)
)
Now handling font encoding OMX ...
... no UTF-8 mapping file for font encoding OMX
Now handling font encoding U ...
... no UTF-8 mapping file for font encoding U
   defining Unicode char U+00A9 (decimal 169)
   defining Unicode char U+00AA (decimal 170)
   defining Unicode char U+00AE (decimal 174)
   defining Unicode char U+00BA (decimal 186)
   defining Unicode char U+02C6 (decimal 710)
   defining Unicode char U+02DC (decimal 732)
   defining Unicode char U+200C (decimal 8204)
   defining Unicode char U+2026 (decimal 8230)
   defining Unicode char U+2122 (decimal 8482)
   defining Unicode char U+2423 (decimal 9251)
))
(/usr/share/texlive/texmf-dist/tex/latex/base/fontenc.sty
Package: fontenc 2005/09/27 v1.99g Standard LaTeX package

(/usr/share/texlive/texmf-dist/tex/latex/base/t1enc.def
File: t1enc.def 2005/09/27 v1.99g Standard LaTeX file
LaTeX Font Info:    Redeclaring font encoding T1 on input line 43.
))
(/usr/share/texlive/texmf-dist/tex/latex/listings/listings.sty
(/usr/share/texlive/texmf-dist/tex/latex/graphics/keyval.sty
Package: keyval 1999/03/16 v1.13 key=value parser (DPC)
\KV@toks@=\toks16
)
\lst@mode=\count88
\lst@gtempboxa=\box26
\lst@token=\toks17
\lst@length=\count89
\lst@currlwidth=\dimen103
\lst@column=\count90
\lst@pos=\count91
\lst@lostspace=\dimen104
\lst@width=\dimen105
\lst@newlines=\count92
\lst@lineno=\count93
\lst@maxwidth=\dimen106

(/usr/share/texlive/texmf-dist/tex/latex/listings/lstmisc.sty
File: lstmisc.sty 2013/08/26 1.5b (Carsten Heinz)
\c@lstnumber=\count94
\lst@skipnumbers=\count95
\lst@framebox=\box27
)
(/usr/share/texlive/texmf-dist/tex/latex/listings/listings.cfg
File: listings.cfg 2013/08/26 1.5b listings configuration
))
Package: listings 2013/08/26 1.5b (Carsten Heinz)

(/usr/share/texlive/texmf-dist/tex/latex/graphics/graphicx.sty
Package: graphicx 1999/02/16 v1.0f Enhanced LaTeX Graphics (DPC,SPQR)

(/usr/share/texlive/texmf-dist/tex/latex/graphics/graphics.sty
Package: graphics 2009/02/05 v1.0o Standard LaTeX Graphics (DPC,SPQR)

(/usr/share/texlive/texmf-dist/tex/latex/graphics/trig.sty
Package: trig 1999/03/16 v1.09 sin cos tan (DPC)
)
(/usr/share/texlive/texmf-dist/tex/latex/latexconfig/graphics.cfg
File: graphics.cfg 2010/04/23 v1.9 graphics configuration of TeX Live
)
Package graphics Info: Driver file: pdftex.def on input line 91.

(/usr/share/texlive/texmf-dist/tex/latex/pdftex-def/pdftex.def
File: pdftex.def 2011/05/27 v0.06d Graphics/color for pdfTeX

(/usr/share/texlive/texmf-dist/tex/generic/oberdiek/infwarerr.sty
Package: infwarerr 2010/04/08 v1.3 Providing info/warning/error messages (HO)
)
(/usr/share/texlive/texmf-dist/tex/generic/oberdiek/ltxcmds.sty
Package: ltxcmds 2011/11/09 v1.22 LaTeX kernel commands for general use (HO)
)
\Gread@gobject=\count96
))
\Gin@req@height=\dimen107
\Gin@req@width=\dimen108
)
(/usr/share/texlive/texmf-dist/tex/latex/amsmath/amsmath.sty
Package: amsmath 2013/01/14 v2.14 AMS math features
\@mathmargin=\skip43

For additional information on amsmath, use the `?' option.
(/usr/share/texlive/texmf-dist/tex/latex/amsmath/amstext.sty
Package: amstext 2000/06/29 v2.01

(/usr/share/texlive/texmf-dist/tex/latex/amsmath/amsgen.sty
File: amsgen.sty 1999/11/30 v2.0
\@emptytoks=\toks18
\ex@=\dimen109
))
(/usr/share/texlive/texmf-dist/tex/latex/amsmath/amsbsy.sty
Package: amsbsy 1999/11/29 v1.2d
\pmbraise@=\dimen110
)
(/usr/share/texlive/texmf-dist/tex/latex/amsmath/amsopn.sty
Package: amsopn 1999/12/14 v2.01 operator names
)
\inf@bad=\count97
LaTeX Info: Redefining \frac on input line 210.
\uproot@=\count98
\leftroot@=\count99
LaTeX Info: Redefining \overline on input line 306.
\classnum@=\count100
\DOTSCASE@=\count101
LaTeX Info: Redefining \ldots on input line 378.
LaTeX Info: Redefining \dots on input line 381.
LaTeX Info: Redefining \cdots on input line 466.
\Mathstrutbox@=\box28
\strutbox@=\box29
\big@size=\dimen111
LaTeX Font Info:    Redeclaring font encoding OML on input line 566.
LaTeX Font Info:    Redeclaring font encoding OMS on input line 567.
\macc@depth=\count102
\c@MaxMatrixCols=\count103
\dotsspace@=\muskip10
\c@parentequation=\count104
\dspbrk@lvl=\count105
\tag@help=\toks19
\row@=\count106
\column@=\count107
\maxfields@=\count108
\andhelp@=\toks20
\eqnshift@=\dimen112
\alignsep@=\dimen113
\tagshift@=\dimen114
\tagwidth@=\dimen115
\totwidth@=\dimen116
\lineht@=\dimen117
\@envbody=\toks21
\multlinegap=\skip44
\multlinetaggap=\skip45
\mathdisplay@stack=\toks22
LaTeX Info: Redefining \[ on input line 2665.
LaTeX Info: Redefining \] on input line 2666.
)
(/usr/share/texlive/texmf-dist/tex/latex/amsfonts/amsfonts.sty
Package: amsfonts 2013/01/14 v3.01 Basic AMSFonts support
\symAMSa=\mathgroup4
\symAMSb=\mathgroup5
LaTeX Font Info:    Overwriting math alphabet `\mathfrak' in version `bold'
(Font)                  U/euf/m/n --> U/euf/b/n on input line 106.
)
(/usr/share/texlive/texmf-dist/tex/latex/amsfonts/amssymb.sty
Package: amssymb 2013/01/14 v3.01 AMS font symbols
)
(/usr/share/texlive/texmf-dist/tex/latex/amscls/amsthm.sty
Package: amsthm 2004/08/06 v2.20
\thm@style=\toks23
\thm@bodyfont=\toks24
\thm@headfont=\toks25
\thm@notefont=\toks26
\thm@headpunct=\toks27
\thm@preskip=\skip46
\thm@postskip=\skip47
\thm@headsep=\skip48
\dth@everypar=\toks28
)
(/usr/share/texlive/texmf-dist/tex/latex/caption/caption.sty
Package: caption 2013/05/02 v3.3-89 Customizing captions (AR)

(/usr/share/texlive/texmf-dist/tex/latex/caption/caption3.sty
Package: caption3 2013/05/02 v1.6-88 caption3 kernel (AR)
Package caption3 Info: TeX engine: e-TeX on input line 57.
\captionmargin=\dimen118
\captionmargin@=\dimen119
\captionwidth=\dimen120
\caption@tempdima=\dimen121
\caption@indent=\dimen122
\caption@parindent=\dimen123
\caption@hangindent=\dimen124
)
\c@ContinuedFloat=\count109
Package caption Info: listings package is loaded.
)
(/usr/share/texlive/texmf-dist/tex/latex/oberdiek/epstopdf.sty
Package: epstopdf 2010/02/09 v2.5 Conversion with epstopdf on the fly (HO)

(/usr/share/texlive/texmf-dist/tex/latex/oberdiek/epstopdf-base.sty
Package: epstopdf-base 2010/02/09 v2.5 Base part for package epstopdf

(/usr/share/texlive/texmf-dist/tex/latex/oberdiek/grfext.sty
Package: grfext 2010/08/19 v1.1 Manage graphics extensions (HO)

(/usr/share/texlive/texmf-dist/tex/generic/oberdiek/kvdefinekeys.sty
Package: kvdefinekeys 2011/04/07 v1.3 Define keys (HO)
))
(/usr/share/texlive/texmf-dist/tex/latex/oberdiek/kvoptions.sty
Package: kvoptions 2011/06/30 v3.11 Key value format for package options (HO)

(/usr/share/texlive/texmf-dist/tex/generic/oberdiek/kvsetkeys.sty
Package: kvsetkeys 2012/04/25 v1.16 Key value parser (HO)

(/usr/share/texlive/texmf-dist/tex/generic/oberdiek/etexcmds.sty
Package: etexcmds 2011/02/16 v1.5 Avoid name clashes with e-TeX commands (HO)

(/usr/share/texlive/texmf-dist/tex/generic/oberdiek/ifluatex.sty
Package: ifluatex 2010/03/01 v1.3 Provides the ifluatex switch (HO)
Package ifluatex Info: LuaTeX not detected.
)
Package etexcmds Info: Could not find \expanded.
(etexcmds)             That can mean that you are not using pdfTeX 1.50 or
(etexcmds)             that some package has redefined \expanded.
(etexcmds)             In the latter case, load this package earlier.
)))
(/usr/share/texlive/texmf-dist/tex/generic/oberdiek/pdftexcmds.sty
Package: pdftexcmds 2011/11/29 v0.20 Utility functions of pdfTeX for LuaTeX (HO
)

(/usr/share/texlive/texmf-dist/tex/generic/oberdiek/ifpdf.sty
Package: ifpdf 2011/01/30 v2.3 Provides the ifpdf switch (HO)
Package ifpdf Info: pdfTeX in PDF mode is detected.
)
Package pdftexcmds Info: LuaTeX not detected.
Package pdftexcmds Info: \pdf@primitive is available.
Package pdftexcmds Info: \pdf@ifprimitive is available.
Package pdftexcmds Info: \pdfdraftmode found.
)
Package grfext Info: Graphics extension search list:
(grfext)             [.png,.pdf,.jpg,.mps,.jpeg,.jbig2,.jb2,.PNG,.PDF,.JPG,.JPE
G,.JBIG2,.JB2,.eps]
(grfext)             \AppendGraphicsExtensions on input line 452.

(/usr/share/texlive/texmf-dist/tex/latex/latexconfig/epstopdf-sys.cfg
File: epstopdf-sys.cfg 2010/07/13 v1.3 Configuration of (r)epstopdf for TeX Liv
e
)))
(/usr/share/texlive/texmf-dist/tex/latex/etoolbox/etoolbox.sty
Package: etoolbox 2011/01/03 v2.1 e-TeX tools for LaTeX

(/usr/share/texlive/texmf-dist/tex/latex/etex-pkg/etex.sty
Package: etex 1998/03/26 v2.0 eTeX basic definition package (PEB)
\et@xins=\count110
)
\etb@tempcnta=\count111
)
(/usr/share/texmf/tex/latex/xcolor/xcolor.sty
Package: xcolor 2007/01/21 v2.11 LaTeX color extensions (UK)

(/usr/share/texlive/texmf-dist/tex/latex/latexconfig/color.cfg
File: color.cfg 2007/01/18 v1.5 color configuration of teTeX/TeXLive
)
Package xcolor Info: Driver file: pdftex.def on input line 225.
Package xcolor Info: Model `cmy' substituted by `cmy0' on input line 1337.
Package xcolor Info: Model `hsb' substituted by `rgb' on input line 1341.
Package xcolor Info: Model `RGB' extended on input line 1353.
Package xcolor Info: Model `HTML' substituted by `rgb' on input line 1355.
Package xcolor Info: Model `Hsb' substituted by `hsb' on input line 1356.
Package xcolor Info: Model `tHsb' substituted by `hsb' on input line 1357.
Package xcolor Info: Model `HSB' substituted by `hsb' on input line 1358.
Package xcolor Info: Model `Gray' substituted by `gray' on input line 1359.
Package xcolor Info: Model `wave' substituted by `hsb' on input line 1360.
)
(/usr/share/texlive/texmf-dist/tex/latex/titlesec/titlesec.sty
Package: titlesec 2011/12/15 v2.10.0 Sectioning titles
\ttl@box=\box30
\beforetitleunit=\skip49
\aftertitleunit=\skip50
\ttl@plus=\dimen125
\ttl@minus=\dimen126
\ttl@toksa=\toks29
\titlewidth=\dimen127
\titlewidthlast=\dimen128
\titlewidthfirst=\dimen129
)
(/usr/share/texlive/texmf-dist/tex/latex/tools/bm.sty
Package: bm 2004/02/26 v1.1c Bold Symbol Support (DPC/FMi)
\symboldoperators=\mathgroup6
\symboldletters=\mathgroup7
\symboldsymbols=\mathgroup8
LaTeX Font Info:    Redeclaring math alphabet \mathbf on input line 138.
LaTeX Info: Redefining \bm on input line 204.
)
(/usr/share/texlive/texmf-dist/tex/latex/tools/tabularx.sty
Package: tabularx 1999/01/07 v2.07 `tabularx' package (DPC)

(/usr/share/texlive/texmf-dist/tex/latex/tools/array.sty
Package: array 2008/09/09 v2.4c Tabular extension package (FMi)
\col@sep=\dimen130
\extrarowheight=\dimen131
\NC@list=\toks30
\extratabsurround=\skip51
\backup@length=\skip52
)
\TX@col@width=\dimen132
\TX@old@table=\dimen133
\TX@old@col=\dimen134
\TX@target=\dimen135
\TX@delta=\dimen136
\TX@cols=\count112
\TX@ftn=\toks31
)
(/usr/share/texlive/texmf-dist/tex/latex/float/float.sty
Package: float 2001/11/08 v1.3d Float enhancements (AL)
\c@float@type=\count113
\float@exts=\toks32
\float@box=\box31
\@float@everytoks=\toks33
\@floatcapt=\box32
)
(/usr/share/texlive/texmf-dist/tex/latex/geometry/geometry.sty
Package: geometry 2010/09/12 v5.6 Page Geometry

(/usr/share/texlive/texmf-dist/tex/generic/oberdiek/ifvtex.sty
Package: ifvtex 2010/03/01 v1.5 Detect VTeX and its facilities (HO)
Package ifvtex Info: VTeX not detected.
)
(/usr/share/texlive/texmf-dist/tex/generic/ifxetex/ifxetex.sty
Package: ifxetex 2010/09/12 v0.6 Provides ifxetex conditional
)
\Gm@cnth=\count114
\Gm@cntv=\count115
\c@Gm@tempcnt=\count116
\Gm@bindingoffset=\dimen137
\Gm@wd@mp=\dimen138
\Gm@odd@mp=\dimen139
\Gm@even@mp=\dimen140
\Gm@layoutwidth=\dimen141
\Gm@layoutheight=\dimen142
\Gm@layouthoffset=\dimen143
\Gm@layoutvoffset=\dimen144
\Gm@dimlist=\toks34
)
(/usr/share/texlive/texmf-dist/tex/latex/tools/enumerate.sty
Package: enumerate 1999/03/05 v3.00 enumerate extensions (DPC)
\@enLab=\toks35
)
(/usr/share/texlive/texmf-dist/tex/latex/enumitem/enumitem.sty
Package: enumitem 2011/09/28 v3.5.2 Customized lists
\labelindent=\skip53
\enit@outerparindent=\dimen145
\enit@toks=\toks36
\enit@inbox=\box33
\enitdp@description=\count117
)
(/usr/share/texlive/texmf-dist/tex/latex/listings/lstlang1.sty
File: lstlang1.sty 2013/08/26 1.5b listings language file
) (./Project.aux)
\openout1 = `Project.aux'.

LaTeX Font Info:    Checking defaults for OML/cmm/m/it on input line 31.
LaTeX Font Info:    ... okay on input line 31.
LaTeX Font Info:    Checking defaults for T1/cmr/m/n on input line 31.
LaTeX Font Info:    ... okay on input line 31.
LaTeX Font Info:    Checking defaults for OT1/cmr/m/n on input line 31.
LaTeX Font Info:    ... okay on input line 31.
LaTeX Font Info:    Checking defaults for OMS/cmsy/m/n on input line 31.
LaTeX Font Info:    ... okay on input line 31.
LaTeX Font Info:    Checking defaults for OMX/cmex/m/n on input line 31.
LaTeX Font Info:    ... okay on input line 31.
LaTeX Font Info:    Checking defaults for U/cmr/m/n on input line 31.
LaTeX Font Info:    ... okay on input line 31.
\c@lstlisting=\count118
(/usr/share/texlive/texmf-dist/tex/context/base/supp-pdf.mkii
[Loading MPS to PDF converter (version 2006.09.02).]
\scratchcounter=\count119
\scratchdimen=\dimen146
\scratchbox=\box34
\nofMPsegments=\count120
\nofMParguments=\count121
\everyMPshowfont=\toks37
\MPscratchCnt=\count122
\MPscratchDim=\dimen147
\MPnumerator=\count123
\makeMPintoPDFobject=\count124
\everyMPtoPDFconversion=\toks38
)
Package caption Info: Begin \AtBeginDocument code.
Package caption Info: float package is loaded.
Package caption Info: End \AtBeginDocument code.

*geometry* driver: auto-detecting
*geometry* detected driver: pdftex
*geometry* verbose mode - [ preamble ] result:
* driver: pdftex
* paper: a4paper
* layout: <same size as paper>
* layoutoffset:(h,v)=(0.0pt,0.0pt)
* modes: 
* h-part:(L,W,R)=(42.67912pt, 512.14963pt, 42.67912pt)
* v-part:(T,H,B)=(71.13188pt, 702.78308pt, 71.13188pt)
* \paperwidth=597.50787pt
* \paperheight=845.04684pt
* \textwidth=512.14963pt
* \textheight=702.78308pt
* \oddsidemargin=-29.59087pt
* \evensidemargin=-29.59087pt
* \topmargin=-38.1381pt
* \headheight=12.0pt
* \headsep=25.0pt
* \topskip=10.0pt
* \footskip=30.0pt
* \marginparwidth=57.0pt
* \marginparsep=11.0pt
* \columnsep=10.0pt
* \skip\footins=9.0pt plus 4.0pt minus 2.0pt
* \hoffset=0.0pt
* \voffset=0.0pt
* \mag=1000
* \@twocolumnfalse
* \@twosidefalse
* \@mparswitchfalse
* \@reversemarginfalse
* (1in=72.27pt=25.4mm, 1cm=28.453pt)

LaTeX Font Info:    Try loading font information for U+msa on input line 32.
(/usr/share/texlive/texmf-dist/tex/latex/amsfonts/umsa.fd
File: umsa.fd 2013/01/14 v3.01 AMS symbols A
)
LaTeX Font Info:    Try loading font information for U+msb on input line 32.

(/usr/share/texlive/texmf-dist/tex/latex/amsfonts/umsb.fd
File: umsb.fd 2013/01/14 v3.01 AMS symbols B
) [1

{/var/lib/texmf/fonts/map/pdftex/updmap/pdftex.map}] (./Project.toc)
\tf@toc=\write3
\openout3 = `Project.toc'.

 [1

]
LaTeX Font Info:    Try loading font information for OMS+cmr on input line 37.

(/usr/share/texlive/texmf-dist/tex/latex/base/omscmr.fd
File: omscmr.fd 1999/05/25 v2.5h Standard LaTeX font definitions
)
LaTeX Font Info:    Font shape `OMS/cmr/m/n' in size <10> not available
(Font)              Font shape `OMS/cmsy/m/n' tried instead on input line 37.
 [2] [3]
Chapter 1.
<dia.png, id=25, 772.8875pt x 707.64375pt>
File: dia.png Graphic file (type png)
 <use dia.png>
Package pdftex.def Info: dia.png used on input line 70.
(pdftex.def)             Requested size: 256.07481pt x 234.45177pt.

Underfull \hbox (badness 10000) in paragraph at lines 77--83

 []

<payoff.png, id=26, 752.8125pt x 375.4025pt>
File: payoff.png Graphic file (type png)
 <use payoff.png>
Package pdftex.def Info: payoff.png used on input line 98.
(pdftex.def)             Requested size: 409.72125pt x 204.3182pt.

Underfull \hbox (badness 10000) in paragraph at lines 90--100

 []


Underfull \hbox (badness 10000) in paragraph at lines 90--100

 []


Underfull \hbox (badness 10000) in paragraph at lines 90--100

 []

[4

 <./dia.png>]
Underfull \hbox (badness 10000) in paragraph at lines 105--106

 []


Underfull \hbox (badness 10000) in paragraph at lines 106--107

 []

<OptionsProfit.png, id=33, 681.54625pt x 714.67pt>
File: OptionsProfit.png Graphic file (type png)
 <use OptionsProfit.png>
Package pdftex.def Info: OptionsProfit.png used on input line 111.
(pdftex.def)             Requested size: 358.50317pt x 375.9271pt.

[5 <./payoff.png>] [6 <./OptionsProfit.png>]
<models.png, id=46, 1199.48125pt x 332.24126pt>
File: models.png Graphic file (type png)
 <use models.png>
Package pdftex.def Info: models.png used on input line 162.
(pdftex.def)             Requested size: 512.14963pt x 141.86224pt.

Underfull \hbox (badness 10000) in paragraph at lines 167--169

 []


Underfull \hbox (badness 10000) in paragraph at lines 171--174

 []


Underfull \hbox (badness 10000) in paragraph at lines 176--180

 []


Underfull \hbox (badness 10000) in paragraph at lines 183--188

 []


Underfull \hbox (badness 10000) in paragraph at lines 183--188

 []


Underfull \hbox (badness 10000) in paragraph at lines 188--192

 []

[7 <./models.png>]
Underfull \hbox (badness 10000) in paragraph at lines 193--196

 []


Underfull \hbox (badness 10000) in paragraph at lines 197--199

 []


Underfull \hbox (badness 10000) in paragraph at lines 202--204

 []

<octave1.png, id=52, 871.255pt x 298.11375pt>
File: octave1.png Graphic file (type png)
 <use octave1.png>
Package pdftex.def Info: octave1.png used on input line 239.
(pdftex.def)             Requested size: 512.14963pt x 175.23965pt.
 [8]
<octave2.png, id=56, 819.06pt x 300.12125pt>
File: octave2.png Graphic file (type png)
 <use octave2.png>
Package pdftex.def Info: octave2.png used on input line 245.
(pdftex.def)             Requested size: 512.14963pt x 187.67148pt.

! Missing $ inserted.
<inserted text> 
                $
l.250     \left
               
I've inserted a begin-math/end-math symbol since I think
you left one out. Proceed, with fingers crossed.

! Missing delimiter (. inserted).
<to be read again> 
                   \let 
l.251     \includegraphics
                          [width=0.7\textwidth]{gpp.png}
I was expecting to see something like `(' or `\{' or
`\}' here. If you typed, e.g., `{' instead of `\{', you
should probably delete the `{' by typing `1' now, so that
braces don't get unbalanced. Otherwise just proceed.
Acceptable delimiters are characters whose \delcode is
nonnegative, or you can use `\delimiter <delimiter code>'.

<gpp.png, id=57, 749.80125pt x 431.6125pt>
File: gpp.png Graphic file (type png)
 <use gpp.png>
Package pdftex.def Info: gpp.png used on input line 251.
(pdftex.def)             Requested size: 358.50317pt x 206.36816pt.

! Missing $ inserted.
<inserted text> 
                $
l.252     \caption{ Greeks }
                            
I've inserted a begin-math/end-math symbol since I think
you left one out. Proceed, with fingers crossed.

! Missing \right. inserted.
<inserted text> 
                \right .
l.252     \caption{ Greeks }
                            
I've inserted something that you may have forgotten.
(See the <inserted text> above.)
With luck, this will get me unwedged. But if you
really didn't forget anything, try typing `2' now; then
my insertion and my current dilemma will both disappear.

[9 <./octave1.png> <./octave2.png> <./gpp.png>]
Chapter 2.

Underfull \hbox (badness 10000) in paragraph at lines 262--264

 []


Underfull \hbox (badness 10000) in paragraph at lines 267--269

 []


Underfull \hbox (badness 10000) in paragraph at lines 294--295

 []

[10

]
Underfull \hbox (badness 10000) in paragraph at lines 296--303

 []


Underfull \hbox (badness 10000) in paragraph at lines 296--303

 []


Underfull \hbox (badness 10000) in paragraph at lines 296--303

 []


Underfull \hbox (badness 10000) in paragraph at lines 304--305

 []


Underfull \hbox (badness 10000) in paragraph at lines 306--307

 []


Underfull \hbox (badness 10000) in paragraph at lines 314--315

 []


Underfull \hbox (badness 10000) in paragraph at lines 316--321

 []


Underfull \hbox (badness 10000) in paragraph at lines 354--360

 []


Underfull \hbox (badness 10000) in paragraph at lines 354--360

 []

[11] [12]
Chapter 3.

Underfull \hbox (badness 10000) in paragraph at lines 378--379

 []

<sp500.png, id=74, 818.05624pt x 576.1525pt>
File: sp500.png Graphic file (type png)
 <use sp500.png>
Package pdftex.def Info: sp500.png used on input line 413.
(pdftex.def)             Requested size: 307.2929pt x 216.42589pt.
 [13

]
<log.png, id=78, 741.77126pt x 579.16376pt>
File: log.png Graphic file (type png)
 <use log.png>
Package pdftex.def Info: log.png used on input line 428.
(pdftex.def)             Requested size: 307.2929pt x 239.93312pt.

Underfull \hbox (badness 10000) in paragraph at lines 420--429

 []


Underfull \hbox (badness 10000) in paragraph at lines 431--432

 []

<gbmgnu.png, id=79, 622.325pt x 380.42125pt>
File: gbmgnu.png Graphic file (type png)
 <use gbmgnu.png>
Package pdftex.def Info: gbmgnu.png used on input line 436.
(pdftex.def)             Requested size: 409.72125pt x 250.45767pt.
 [14 <./sp500.png> <./log.png>] <brown.png, id=83, 1002.74625pt x 496.85625pt>
File: brown.png Graphic file (type png)
 <use brown.png>
Package pdftex.def Info: brown.png used on input line 447.
(pdftex.def)             Requested size: 281.68385pt x 139.57368pt.

<poisson.png, id=84, 999.735pt x 501.875pt>
File: poisson.png Graphic file (type png)
 <use poisson.png>
Package pdftex.def Info: poisson.png used on input line 452.
(pdftex.def)             Requested size: 281.68385pt x 141.40471pt.

<wiener.png, id=85, 999.735pt x 497.86pt>
File: wiener.png Graphic file (type png)
 <use wiener.png>
Package pdftex.def Info: wiener.png used on input line 458.
(pdftex.def)             Requested size: 281.68385pt x 140.27347pt.
 [15 <./gbmgnu.png> <./brown.png> <./poisson.png>] <merton.png, id=89, 1000.738
75pt x 502.87875pt>
File: merton.png Graphic file (type png)

<use merton.png>
Package pdftex.def Info: merton.png used on input line 463.
(pdftex.def)             Requested size: 281.68385pt x 141.5494pt.

Underfull \hbox (badness 10000) in paragraph at lines 470--471

 []


Underfull \hbox (badness 10000) in paragraph at lines 472--473

 []


Underfull \hbox (badness 10000) in paragraph at lines 476--477

 []


Underfull \hbox (badness 10000) in paragraph at lines 480--481

 []


Underfull \hbox (badness 10000) in paragraph at lines 484--485

 []


Underfull \hbox (badness 10000) in paragraph at lines 487--491

 []


Underfull \hbox (badness 10000) in paragraph at lines 497--498

 []


Underfull \hbox (badness 10000) in paragraph at lines 499--500

 []

[16 <./wiener.png> <./merton.png>]
Chapter 4.

Underfull \hbox (badness 10000) in paragraph at lines 542--544

 []

[17

]
Underfull \hbox (badness 10000) in paragraph at lines 576--578

 []


Underfull \hbox (badness 10000) in paragraph at lines 623--626

 []

[18]
Underfull \hbox (badness 10000) in paragraph at lines 641--643

 []


Underfull \hbox (badness 10000) in paragraph at lines 670--672

 []

! Missing } inserted.
<inserted text> 
                }
l.713 \end{alignat*}
                    
I've inserted something that you may have forgotten.
(See the <inserted text> above.)
With luck, this will get me unwedged. But if you
really didn't forget anything, try typing `2' now; then
my insertion and my current dilemma will both disappear.

! Missing { inserted.
<inserted text> 
                {
l.713 \end{alignat*}
                    
I've put in what seems to be necessary to fix
the current column of the current alignment.
Try to go on, since this might almost work.

! Missing } inserted.
<inserted text> 
                }
l.713 \end{alignat*}
                    
I've inserted something that you may have forgotten.
(See the <inserted text> above.)
With luck, this will get me unwedged. But if you
really didn't forget anything, try typing `2' now; then
my insertion and my current dilemma will both disappear.

! Missing \endgroup inserted.
<inserted text> 
                \endgroup 
l.713 \end{alignat*}
                    
I've inserted something that you may have forgotten.
(See the <inserted text> above.)
With luck, this will get me unwedged. But if you
really didn't forget anything, try typing `2' now; then
my insertion and my current dilemma will both disappear.

! Misplaced \omit.
\math@cr@@@ ...@ \@ne \add@amps \maxfields@ \omit 
                                                  \kern -\alignsep@ \iftag@ ...
l.713 \end{alignat*}
                    
I expect to see \omit only after tab marks or the \cr of
an alignment. Proceed, and I'll ignore this case.

! Missing { inserted.
<inserted text> 
                {
l.713 \end{alignat*}
                    
I've put in what seems to be necessary to fix
the current column of the current alignment.
Try to go on, since this might almost work.

[19]
! Missing } inserted.
<inserted text> 
                }
l.724 \end{alignat*}
                    
I've inserted something that you may have forgotten.
(See the <inserted text> above.)
With luck, this will get me unwedged. But if you
really didn't forget anything, try typing `2' now; then
my insertion and my current dilemma will both disappear.

! Missing { inserted.
<inserted text> 
                {
l.724 \end{alignat*}
                    
I've put in what seems to be necessary to fix
the current column of the current alignment.
Try to go on, since this might almost work.

! Missing } inserted.
<inserted text> 
                }
l.724 \end{alignat*}
                    
I've inserted something that you may have forgotten.
(See the <inserted text> above.)
With luck, this will get me unwedged. But if you
really didn't forget anything, try typing `2' now; then
my insertion and my current dilemma will both disappear.

! Missing \endgroup inserted.
<inserted text> 
                \endgroup 
l.724 \end{alignat*}
                    
I've inserted something that you may have forgotten.
(See the <inserted text> above.)
With luck, this will get me unwedged. But if you
really didn't forget anything, try typing `2' now; then
my insertion and my current dilemma will both disappear.

! Misplaced \omit.
\math@cr@@@ ...@ \@ne \add@amps \maxfields@ \omit 
                                                  \kern -\alignsep@ \iftag@ ...
l.724 \end{alignat*}
                    
I expect to see \omit only after tab marks or the \cr of
an alignment. Proceed, and I'll ignore this case.

! Missing { inserted.
<inserted text> 
                {
l.724 \end{alignat*}
                    
I've put in what seems to be necessary to fix
the current column of the current alignment.
Try to go on, since this might almost work.


! Package inputenc Error: Unicode char \u8:− not set up for use with LaTeX.

See the inputenc package documentation for explanation.
Type  H <return>  for immediate help.
 ...                                              
                                                  
l.728 ...., the price of the option at time $T −
                                                   t$ and when the spot pric...

Your command was ignored.
Type  I <command> <return>  to replace it with another command,
or  <return>  to continue without it.


Underfull \hbox (badness 10000) in paragraph at lines 759--761

 []

! Missing } inserted.
<inserted text> 
                }
l.767 \end{alignat*}
                    
I've inserted something that you may have forgotten.
(See the <inserted text> above.)
With luck, this will get me unwedged. But if you
really didn't forget anything, try typing `2' now; then
my insertion and my current dilemma will both disappear.

! Missing { inserted.
<inserted text> 
                {
l.767 \end{alignat*}
                    
I've put in what seems to be necessary to fix
the current column of the current alignment.
Try to go on, since this might almost work.

! Missing } inserted.
<inserted text> 
                }
l.767 \end{alignat*}
                    
I've inserted something that you may have forgotten.
(See the <inserted text> above.)
With luck, this will get me unwedged. But if you
really didn't forget anything, try typing `2' now; then
my insertion and my current dilemma will both disappear.

! Missing { inserted.
<inserted text> 
                {
l.767 \end{alignat*}
                    
I've put in what seems to be necessary to fix
the current column of the current alignment.
Try to go on, since this might almost work.

! Missing } inserted.
<inserted text> 
                }
l.767 \end{alignat*}
                    
I've inserted something that you may have forgotten.
(See the <inserted text> above.)
With luck, this will get me unwedged. But if you
really didn't forget anything, try typing `2' now; then
my insertion and my current dilemma will both disappear.

! Missing \endgroup inserted.
<inserted text> 
                \endgroup 
l.767 \end{alignat*}
                    
I've inserted something that you may have forgotten.
(See the <inserted text> above.)
With luck, this will get me unwedged. But if you
really didn't forget anything, try typing `2' now; then
my insertion and my current dilemma will both disappear.

! Misplaced \omit.
\math@cr@@@ ...@ \@ne \add@amps \maxfields@ \omit 
                                                  \kern -\alignsep@ \iftag@ ...
l.767 \end{alignat*}
                    
I expect to see \omit only after tab marks or the \cr of
an alignment. Proceed, and I'll ignore this case.

! Missing { inserted.
<inserted text> 
                {
l.767 \end{alignat*}
                    
I've put in what seems to be necessary to fix
the current column of the current alignment.
Try to go on, since this might almost work.

! Missing } inserted.
<inserted text> 
                }
l.767 \end{alignat*}
                    
I've inserted something that you may have forgotten.
(See the <inserted text> above.)
With luck, this will get me unwedged. But if you
really didn't forget anything, try typing `2' now; then
my insertion and my current dilemma will both disappear.

! Missing \endgroup inserted.
<inserted text> 
                \endgroup 
l.767 \end{alignat*}
                    
I've inserted something that you may have forgotten.
(See the <inserted text> above.)
With luck, this will get me unwedged. But if you
really didn't forget anything, try typing `2' now; then
my insertion and my current dilemma will both disappear.

! Misplaced \omit.
\math@cr@@@ ...@ \@ne \add@amps \maxfields@ \omit 
                                                  \kern -\alignsep@ \iftag@ ...
l.767 \end{alignat*}
                    
I expect to see \omit only after tab marks or the \cr of
an alignment. Proceed, and I'll ignore this case.

! Missing { inserted.
<inserted text> 
                {
l.767 \end{alignat*}
                    
I've put in what seems to be necessary to fix
the current column of the current alignment.
Try to go on, since this might almost work.

[20]
! Undefined control sequence.
l.774 v(t) \leqC
                +A\int_0^t v(s) ds
The control sequence at the end of the top line
of your error message was never \def'ed. If you have
misspelled it (e.g., `\hobx'), type `I' and the correct
spelling (e.g., `I\hbox'). Otherwise just continue,
and I'll forget about whatever was undefined.


Underfull \hbox (badness 10000) in paragraph at lines 779--782

 []


Underfull \hbox (badness 10000) in paragraph at lines 779--782

 []


Overfull \hbox (6.2638pt too wide) in paragraph at lines 800--810
\T1/cmr/m/n/10 Let $\OML/cmm/m/it/10 X[]\OT1/cmr/m/n/10 (\OML/cmm/m/it/10 t; w\
OT1/cmr/m/n/10 ) = \OML/cmm/m/it/10 X[]\OT1/cmr/m/n/10 (\OML/cmm/m/it/10 w\OT1/
cmr/m/n/10 )$ \T1/cmr/m/n/10 and $\OML/cmm/m/it/10 X[]\OT1/cmr/m/n/10 (\OML/cmm
/m/it/10 t; w\OT1/cmr/m/n/10 ) = \OML/cmm/m/it/10 X[]\OT1/cmr/m/n/10 (\OML/cmm/
m/it/10 w\OT1/cmr/m/n/10 )$ \T1/cmr/m/n/10 be so-lu-tions with ini-tial val-ues
 $\OML/cmm/m/it/10 Z; Z[]$\T1/cmr/m/n/10 , i.e. $\OML/cmm/m/it/10 X[]\OT1/cmr/m
/n/10 (0\OML/cmm/m/it/10 ; w\OT1/cmr/m/n/10 ) = \OML/cmm/m/it/10 Z\OT1/cmr/m/n/
10 (\OML/cmm/m/it/10 w\OT1/cmr/m/n/10 )\OML/cmm/m/it/10 ; X[]\OT1/cmr/m/n/10 (0
\OML/cmm/m/it/10 ; w\OT1/cmr/m/n/10 ) =
 []


Underfull \hbox (badness 10000) in paragraph at lines 800--810

 []

[21]
Underfull \hbox (badness 10000) in paragraph at lines 846--856

 []

! Undefined control sequence.
<recently read> \all 
                     
l.867 So we conclude that for $\all
                                    t \in [0,T]$ we have
The control sequence at the end of the top line
of your error message was never \def'ed. If you have
misspelled it (e.g., `\hobx'), type `I' and the correct
spelling (e.g., `I\hbox'). Otherwise just continue,
and I'll forget about whatever was undefined.

! Missing $ inserted.
<inserted text> 
                $
l.871 \square
             
I've inserted a begin-math/end-math symbol since I think
you left one out. Proceed, with fingers crossed.

! Missing $ inserted.
<inserted text> 
                $
l.872 ...sh Adaptation and Delaunay triangulation}
                                                  
I've inserted a begin-math/end-math symbol since I think
you left one out. Proceed, with fingers crossed.

! Missing } inserted.
<inserted text> 
                }
l.872 ...sh Adaptation and Delaunay triangulation}
                                                  
I've inserted something that you may have forgotten.
(See the <inserted text> above.)
With luck, this will get me unwedged. But if you
really didn't forget anything, try typing `2' now; then
my insertion and my current dilemma will both disappear.

! Extra }, or forgotten \endgroup.
\@par ... \@noitemerr {\@@par }\fi \else {\@@par }
                                                  \fi 
l.872 ...sh Adaptation and Delaunay triangulation}
                                                  
I've deleted a group-closing symbol because it seems to be
spurious, as in `$x}$'. But perhaps the } is legitimate and
you forgot something else, as in `\hbox{$x}'. In such cases
the way to recover is to insert both the forgotten and the
deleted material, e.g., by typing `I$}'.

[22] <Delaunay.png, id=114, 501.875pt x 501.875pt>
File: Delaunay.png Graphic file (type png)
 <use Delaunay.png>
Package pdftex.def Info: Delaunay.png used on input line 883.
(pdftex.def)             Requested size: 204.85672pt x 204.85878pt.

<s01.png, id=115, 673.51625pt x 427.5975pt>
File: s01.png Graphic file (type png)
 <use s01.png>
Package pdftex.def Info: s01.png used on input line 900.
(pdftex.def)             Requested size: 243.27419pt x 154.45042pt.

<s03.png, id=116, 651.43375pt x 423.5825pt>
File: s03.png Graphic file (type png)
 <use s03.png>
Package pdftex.def Info: s03.png used on input line 902.
(pdftex.def)             Requested size: 243.27419pt x 158.18378pt.
 [23 <./Delaunay.png>] <d01.png, id=121, 643.40375pt x 430.60875pt>
File: d01.png Graphic file (type png)
 <use d01.png>
Package pdftex.def Info: d01.png used on input line 908.
(pdftex.def)             Requested size: 243.27419pt x 162.81169pt.

<d03.png, id=122, 640.3925pt x 432.61626pt>
File: d03.png Graphic file (type png)
 <use d03.png>
Package pdftex.def Info: d03.png used on input line 910.
(pdftex.def)             Requested size: 243.27419pt x 164.34308pt.

<b30.png, id=123, 630.355pt x 420.57124pt>
File: b30.png Graphic file (type png)
 <use b30.png>
Package pdftex.def Info: b30.png used on input line 916.
(pdftex.def)             Requested size: 153.64644pt x 102.51141pt.

<b90.png, id=124, 610.28pt x 425.59pt>
File: b90.png Graphic file (type png)
 <use b90.png>
Package pdftex.def Info: b90.png used on input line 918.
(pdftex.def)             Requested size: 153.64644pt x 107.14403pt.

<b100.png, id=125, 617.30624pt x 413.545pt>
File: b100.png Graphic file (type png)
 <use b100.png>
Package pdftex.def Info: b100.png used on input line 920.
(pdftex.def)             Requested size: 153.64644pt x 102.93166pt.

<bs1a.png, id=126, 491.8375pt x 489.83pt>
File: bs1a.png Graphic file (type png)
 <use bs1a.png>
Package pdftex.def Info: bs1a.png used on input line 935.
(pdftex.def)             Requested size: 243.27419pt x 242.28348pt.

<bs1b.png, id=127, 492.84125pt x 488.82625pt>
File: bs1b.png Graphic file (type png)
 <use bs1b.png>
Package pdftex.def Info: bs1b.png used on input line 937.
(pdftex.def)             Requested size: 243.27419pt x 241.29471pt.
 [24 <./s01.png> <./s03.png> <./d01.png> <./d03.png> <./b30.png> <./b90.png> <.
/b100.png>]
<bs2a.png, id=132, 495.8525pt x 488.82625pt>
File: bs2a.png Graphic file (type png)
 <use bs2a.png>
Package pdftex.def Info: bs2a.png used on input line 944.
(pdftex.def)             Requested size: 243.27419pt x 239.8253pt.

<bs2b.png, id=133, 490.83376pt x 488.82625pt>
File: bs2b.png Graphic file (type png)
 <use bs2b.png>
Package pdftex.def Info: bs2b.png used on input line 946.
(pdftex.def)             Requested size: 243.27419pt x 242.27928pt.

<bs3a.png, id=134, 491.8375pt x 488.82625pt>
File: bs3a.png Graphic file (type png)
 <use bs3a.png>
Package pdftex.def Info: bs3a.png used on input line 955.
(pdftex.def)             Requested size: 243.27419pt x 241.78699pt.

<bs3b.png, id=135, 493.845pt x 489.83pt>
File: bs3b.png Graphic file (type png)
 <use bs3b.png>
Package pdftex.def Info: bs3b.png used on input line 957.
(pdftex.def)             Requested size: 243.27419pt x 241.28941pt.
 [25 <./bs1a.png> <./bs1b.png> <./bs2a.png> <./bs2b.png>] <bs4a.png, id=139, 49
3.845pt x 486.81876pt>
File: bs4a.png Graphic file (type png)

<use bs4a.png>
Package pdftex.def Info: bs4a.png used on input line 967.
(pdftex.def)             Requested size: 243.27419pt x 239.80608pt.
 <bs4b.png, id=140, 500.87125pt x 493.845pt>
File: bs4b.png Graphic file (type png)
 <use bs4b.png>
Package pdftex.def Info: bs4b.png used on input line 969.
(pdftex.def)             Requested size: 243.27419pt x 239.86116pt.

[26 <./bs3a.png> <./bs3b.png> <./bs4a.png> <./bs4b.png>] [27] [28]
Chapter 5.
! Missing } inserted.
<inserted text> 
                }
l.1097 \end{alignat*}
                     
I've inserted something that you may have forgotten.
(See the <inserted text> above.)
With luck, this will get me unwedged. But if you
really didn't forget anything, try typing `2' now; then
my insertion and my current dilemma will both disappear.

! Missing { inserted.
<inserted text> 
                {
l.1097 \end{alignat*}
                     
I've put in what seems to be necessary to fix
the current column of the current alignment.
Try to go on, since this might almost work.

! Missing } inserted.
<inserted text> 
                }
l.1097 \end{alignat*}
                     
I've inserted something that you may have forgotten.
(See the <inserted text> above.)
With luck, this will get me unwedged. But if you
really didn't forget anything, try typing `2' now; then
my insertion and my current dilemma will both disappear.

! Missing \endgroup inserted.
<inserted text> 
                \endgroup 
l.1097 \end{alignat*}
                     
I've inserted something that you may have forgotten.
(See the <inserted text> above.)
With luck, this will get me unwedged. But if you
really didn't forget anything, try typing `2' now; then
my insertion and my current dilemma will both disappear.

! Misplaced \omit.
\math@cr@@@ ...@ \@ne \add@amps \maxfields@ \omit 
                                                  \kern -\alignsep@ \iftag@ ...
l.1097 \end{alignat*}
                     
I expect to see \omit only after tab marks or the \cr of
an alignment. Proceed, and I'll ignore this case.

! Missing { inserted.
<inserted text> 
                {
l.1097 \end{alignat*}
                     
I've put in what seems to be necessary to fix
the current column of the current alignment.
Try to go on, since this might almost work.

<grid0.png, id=150, 650.43pt x 528.97626pt>
File: grid0.png Graphic file (type png)
 <use grid0.png>
Package pdftex.def Info: grid0.png used on input line 1101.
(pdftex.def)             Requested size: 256.07481pt x 208.26128pt.
 [29

]
<grid1.png, id=154, 525.965pt x 463.7325pt>
File: grid1.png Graphic file (type png)
 <use grid1.png>
Package pdftex.def Info: grid1.png used on input line 1108.
(pdftex.def)             Requested size: 256.07481pt x 225.78033pt.
 [30 <./grid0.png> <./grid1.png>] <fdm.png, id=159, 749.80125pt x 564.1075pt>
File: fdm.png Graphic file (type png)
 <use fdm.png>
Package pdftex.def Info: fdm.png used on input line 1140.
(pdftex.def)             Requested size: 358.50317pt x 269.71838pt.

[31 <./fdm.png>] [32

]

! LaTeX Error: \begin{itemize} on input line 929 ended by \end{document}.

See the LaTeX manual or LaTeX Companion for explanation.
Type  H <return>  for immediate help.
 ...                                              
                                                  
l.1174 \end{document}
                     
Your command was ignored.
Type  I <command> <return>  to replace it with another command,
or  <return>  to continue without it.

[33

] (./Project.aux) )
(\end occurred inside a group at level 2)

### semi simple group (level 2) entered at line 929 (\begingroup)
### semi simple group (level 1) entered at line 82 (\begingroup)
### bottom level 
Here is how much of TeX's memory you used:
 8572 strings out of 494985
 114346 string characters out of 6180356
 422796 words of memory out of 5000000
 11604 multiletter control sequences out of 15000+600000
 24682 words of font info for 70 fonts, out of 8000000 for 9000
 36 hyphenation exceptions out of 8191
 42i,11n,40p,814b,2444s stack positions out of 5000i,500n,10000p,200000b,80000s
 </home/ushakova/.texmf-var/fonts/pk/ljfour/jknappen/ec/ecbx120
0.600pk> </home/ushakova/.texmf-var/fonts/pk/ljfour/jknappen/ec/ecti1000.600pk>
 </home/ushakova/.texmf-var/fonts/pk/ljfour/jknappen/ec/ecbx2074.600pk> </home/
ushakova/.texmf-var/fonts/pk/ljfour/jknappen/ec/ecbx1440.600pk> </home/ushakova
/.texmf-var/fonts/pk/ljfour/jknappen/ec/ecrm1000.600pk> </home/ushakova/.texmf-
var/fonts/pk/ljfour/jknappen/ec/ecbx1000.600pk> </home/ushakova/.texmf-var/font
s/pk/ljfour/jknappen/ec/ecbx2488.600pk> </home/ushakova/.texmf-var/fonts/pk/ljf
our/jknappen/ec/ecrm1200.600pk> </home/ushakova/.texmf-var/fonts/pk/ljfour/jkna
ppen/ec/ecrm1728.600pk></usr/share/texlive/texmf-dist/fonts/type1/public/amsfon
ts/cm/cmex10.pfb></usr/share/texlive/texmf-dist/fonts/type1/public/amsfonts/cm/
cmmi10.pfb></usr/share/texlive/texmf-dist/fonts/type1/public/amsfonts/cm/cmmi5.
pfb></usr/share/texlive/texmf-dist/fonts/type1/public/amsfonts/cm/cmmi7.pfb></u
sr/share/texlive/texmf-dist/fonts/type1/public/amsfonts/cm/cmr10.pfb></usr/shar
e/texlive/texmf-dist/fonts/type1/public/amsfonts/cm/cmr5.pfb></usr/share/texliv
e/texmf-dist/fonts/type1/public/amsfonts/cm/cmr7.pfb></usr/share/texlive/texmf-
dist/fonts/type1/public/amsfonts/cm/cmsy10.pfb></usr/share/texlive/texmf-dist/f
onts/type1/public/amsfonts/cm/cmsy5.pfb></usr/share/texlive/texmf-dist/fonts/ty
pe1/public/amsfonts/cm/cmsy7.pfb></usr/share/texlive/texmf-dist/fonts/type1/pub
lic/amsfonts/symbols/msam10.pfb></usr/share/texlive/texmf-dist/fonts/type1/publ
ic/amsfonts/symbols/msbm10.pfb></usr/share/texlive/texmf-dist/fonts/type1/publi
c/amsfonts/symbols/msbm7.pfb>
Output written on Project.pdf (34 pages, 1543798 bytes).
PDF statistics:
 592 PDF objects out of 1000 (max. 8388607)
 152 compressed objects within 2 object streams
 0 named destinations out of 1000 (max. 500000)
 166 words of extra memory for PDF output out of 10000 (max. 10000000)

